This is XeTeX, Version 3.14159265-2.6-0.999992 (TeX Live 2020) (preloaded format=xelatex 2020.4.25)  4 MAY 2020 17:52
entering extended mode
 restricted \write18 enabled.
 %&-line parsing enabled.
**majjhima_nikaya_master.tex
(./majjhima_nikaya_master.tex
LaTeX2e <2020-02-02> patch level 5
L3 programming layer <2020-04-06>
(/usr/local/texlive/2020/texmf-dist/tex/latex/base/book.cls
Document Class: book 2019/12/20 v1.4l Standard LaTeX document class
(/usr/local/texlive/2020/texmf-dist/tex/latex/base/bk11.clo
File: bk11.clo 2019/12/20 v1.4l Standard LaTeX file (size option)
)
\c@part=\count163
\c@chapter=\count164
\c@section=\count165
\c@subsection=\count166
\c@subsubsection=\count167
\c@paragraph=\count168
\c@subparagraph=\count169
\c@figure=\count170
\c@table=\count171
\abovecaptionskip=\skip47
\belowcaptionskip=\skip48
\bibindent=\dimen134
)
(../share/PM_A5_Definition.tex)
(/usr/local/texlive/2020/texmf-dist/tex/latex/geometry/geometry.sty
Package: geometry 2020/01/02 v5.9 Page Geometry

(/usr/local/texlive/2020/texmf-dist/tex/latex/graphics/keyval.sty
Package: keyval 2014/10/28 v1.15 key=value parser (DPC)
\KV@toks@=\toks15
)
(/usr/local/texlive/2020/texmf-dist/tex/generic/iftex/ifvtex.sty
Package: ifvtex 2019/10/25 v1.7 ifvtex legacy package. Use iftex instead.

(/usr/local/texlive/2020/texmf-dist/tex/generic/iftex/iftex.sty
Package: iftex 2020/03/06 v1.0d TeX engine tests
))
\Gm@cnth=\count172
\Gm@cntv=\count173
\c@Gm@tempcnt=\count174
\Gm@bindingoffset=\dimen135
\Gm@wd@mp=\dimen136
\Gm@odd@mp=\dimen137
\Gm@even@mp=\dimen138
\Gm@layoutwidth=\dimen139
\Gm@layoutheight=\dimen140
\Gm@layouthoffset=\dimen141
\Gm@layoutvoffset=\dimen142
\Gm@dimlist=\toks16
)
(/usr/local/texlive/2020/texmf-dist/tex/latex/titlesec/titlesec.sty
Package: titlesec 2019/10/16 v2.13 Sectioning titles
\ttl@box=\box45
\beforetitleunit=\skip49
\aftertitleunit=\skip50
\ttl@plus=\dimen143
\ttl@minus=\dimen144
\ttl@toksa=\toks17
\titlewidth=\dimen145
\titlewidthlast=\dimen146
\titlewidthfirst=\dimen147
)
(/usr/local/texlive/2020/texmf-dist/tex/generic/expex/expex.sty
Package: expex 5/1/2017 v5.1b LaTex wrapper for expex.tex (JF)

(/usr/local/texlive/2020/texmf-dist/tex/latex/xkeyval/xkeyval.sty
Package: xkeyval 2014/12/03 v2.7a package option processing (HA)

(/usr/local/texlive/2020/texmf-dist/tex/generic/xkeyval/xkeyval.tex
(/usr/local/texlive/2020/texmf-dist/tex/generic/xkeyval/xkvutils.tex
\XKV@toks=\toks18
\XKV@tempa@toks=\toks19
)
\XKV@depth=\count175
File: xkeyval.tex 2014/12/03 v2.7a key=value parser (HA)
))
(/usr/local/texlive/2020/texmf-dist/tex/generic/expex/expex.tex
File: expex.tex 5/25/2017 v5.1b ExPex linguistics example formatter (JF)
\ep@dima=\dimen148
\ep@dimb=\dimen149
\ep@dimc=\dimen150
\ep@cnta=\count176
\epc@b=\count177
\excnt=\count178
\numbox=\box46
\epd@numright=\dimen151
\pexcnt=\count179
\epd@labelleft=\dimen152
\epd@labelright=\dimen153
\epd@textleft=\dimen154
\epd@preambleleft=\dimen155
\epd@sampleexnowidth=\dimen156
\ep@everylabel=\toks20
\exnobox=\box47
\ling@tagsfile=\write3
\ling@tagsin=\read2
\glstrutbox=\box48
\ep@cascadeindent=\dimen157
\ep@hangindentamount=\dimen158
\ep@cascadecount=\count180
\gltoks@a=\toks21
\gltoks@b=\toks22
\glw@maxht=\dimen159
\glw@maxdp=\dimen160
\@itemtype=\count181
\gl@maxdplast=\dimen161
\gltoks@sofar=\toks23
\gltoks@every=\toks24
\gltoks@next=\toks25
\debug@glword=\box49
\@glaparsestate=\count182
\glwcascade@pshapeindent=\dimen162
\glwcascade@pshapelinewd=\dimen163
\ssleftwd=\dimen164
\ssrightwd=\dimen165
))
(/usr/local/texlive/2020/texmf-dist/tex/latex/setspace/setspace.sty
Package: setspace 2011/12/19 v6.7a set line spacing
)
(/usr/local/texlive/2020/texmf-dist/tex/latex/enumitem/enumitem.sty
Package: enumitem 2019/06/20 v3.9 Customized lists
\labelindent=\skip51
\enit@outerparindent=\dimen166
\enit@toks=\toks26
\enit@inbox=\box50
\enit@count@id=\count183
\enitdp@description=\count184
)
(/usr/local/texlive/2020/texmf-dist/tex/latex/xcolor/xcolor.sty
Package: xcolor 2016/05/11 v2.12 LaTeX color extensions (UK)

(/usr/local/texlive/2020/texmf-dist/tex/latex/graphics-cfg/color.cfg
File: color.cfg 2016/01/02 v1.6 sample color configuration
)
Package xcolor Info: Driver file: xetex.def on input line 225.

(/usr/local/texlive/2020/texmf-dist/tex/latex/graphics-def/xetex.def
File: xetex.def 2017/06/24 v5.0h Graphics/color driver for xetex
)
Package xcolor Info: Model `cmy' substituted by `cmy0' on input line 1348.
Package xcolor Info: Model `RGB' extended on input line 1364.
Package xcolor Info: Model `HTML' substituted by `rgb' on input line 1366.
Package xcolor Info: Model `Hsb' substituted by `hsb' on input line 1367.
Package xcolor Info: Model `tHsb' substituted by `hsb' on input line 1368.
Package xcolor Info: Model `HSB' substituted by `hsb' on input line 1369.
Package xcolor Info: Model `Gray' substituted by `gray' on input line 1370.
Package xcolor Info: Model `wave' substituted by `hsb' on input line 1371.

(/usr/local/texlive/2020/texmf-dist/tex/latex/graphics/dvipsnam.def
File: dvipsnam.def 2016/06/17 v3.0m Driver-dependent file (DPC,SPQR)
))
(/usr/local/texlive/2020/texmf-dist/tex/latex/fontspec/fontspec.sty
(/usr/local/texlive/2020/texmf-dist/tex/latex/l3packages/xparse/xparse.sty
(/usr/local/texlive/2020/texmf-dist/tex/latex/l3kernel/expl3.sty
Package: expl3 2020-04-06 L3 programming layer (loader) 

(/usr/local/texlive/2020/texmf-dist/tex/latex/l3backend/l3backend-xdvipdfmx.def
File: l3backend-xdvipdfmx.def 2020-03-12 L3 backend support: xdvipdfmx
\g__graphics_track_int=\count185
\l__pdf_internal_box=\box51
\g__pdf_backend_object_int=\count186
\g__pdf_backend_annotation_int=\count187
))
Package: xparse 2020-03-06 L3 Experimental document command parser
\l__xparse_current_arg_int=\count188
\g__xparse_grabber_int=\count189
\l__xparse_m_args_int=\count190
\l__xparse_v_nesting_int=\count191
)
Package: fontspec 2020/02/21 v2.7i Font selection for XeLaTeX and LuaLaTeX
 (/usr/local/texlive/2020/texmf-dist/tex/latex/fontspec/fontspec-xetex.sty
Package: fontspec-xetex 2020/02/21 v2.7i Font selection for XeLaTeX and LuaLaTe
X
\l__fontspec_script_int=\count192
\l__fontspec_language_int=\count193
\l__fontspec_strnum_int=\count194
\l__fontspec_tmp_int=\count195
\l__fontspec_tmpa_int=\count196
\l__fontspec_tmpb_int=\count197
\l__fontspec_tmpc_int=\count198
\l__fontspec_em_int=\count199
\l__fontspec_emdef_int=\count266
\l__fontspec_strong_int=\count267
\l__fontspec_strongdef_int=\count268
\l__fontspec_tmpa_dim=\dimen167
\l__fontspec_tmpb_dim=\dimen168
\l__fontspec_tmpc_dim=\dimen169

(/usr/local/texlive/2020/texmf-dist/tex/latex/base/fontenc.sty
Package: fontenc 2020/02/11 v2.0o Standard LaTeX package
)
(/usr/local/texlive/2020/texmf-dist/tex/latex/fontspec/fontspec.cfg)))
(/usr/local/texlive/2020/texmf-dist/tex/latex/tools/calc.sty
Package: calc 2017/05/25 v4.3 Infix arithmetic (KKT,FJ)
\calc@Acount=\count269
\calc@Bcount=\count270
\calc@Adimen=\dimen170
\calc@Bdimen=\dimen171
\calc@Askip=\skip52
\calc@Bskip=\skip53
LaTeX Info: Redefining \setlength on input line 80.
LaTeX Info: Redefining \addtolength on input line 81.
\calc@Ccount=\count271
\calc@Cskip=\skip54
)
(/usr/local/texlive/2020/texmf-dist/tex/latex/background/background.sty
Package: background 2014/03/04 v2.1 background material

(/usr/local/texlive/2020/texmf-dist/tex/latex/pgf/frontendlayer/tikz.sty
(/usr/local/texlive/2020/texmf-dist/tex/latex/pgf/basiclayer/pgf.sty
(/usr/local/texlive/2020/texmf-dist/tex/latex/pgf/utilities/pgfrcs.sty
(/usr/local/texlive/2020/texmf-dist/tex/generic/pgf/utilities/pgfutil-common.te
x
\pgfutil@everybye=\toks27
\pgfutil@tempdima=\dimen172
\pgfutil@tempdimb=\dimen173

(/usr/local/texlive/2020/texmf-dist/tex/generic/pgf/utilities/pgfutil-common-li
sts.tex))
(/usr/local/texlive/2020/texmf-dist/tex/generic/pgf/utilities/pgfutil-latex.def
\pgfutil@abb=\box52
(/usr/local/texlive/2020/texmf-dist/tex/latex/ms/everyshi.sty
Package: everyshi 2001/05/15 v3.00 EveryShipout Package (MS)
))
(/usr/local/texlive/2020/texmf-dist/tex/generic/pgf/utilities/pgfrcs.code.tex
(/usr/local/texlive/2020/texmf-dist/tex/generic/pgf/pgf.revision.tex)
Package: pgfrcs 2020/01/08 v3.1.5b (3.1.5b)
))
Package: pgf 2020/01/08 v3.1.5b (3.1.5b)

(/usr/local/texlive/2020/texmf-dist/tex/latex/pgf/basiclayer/pgfcore.sty
(/usr/local/texlive/2020/texmf-dist/tex/latex/graphics/graphicx.sty
Package: graphicx 2019/11/30 v1.2a Enhanced LaTeX Graphics (DPC,SPQR)

(/usr/local/texlive/2020/texmf-dist/tex/latex/graphics/graphics.sty
Package: graphics 2019/11/30 v1.4a Standard LaTeX Graphics (DPC,SPQR)

(/usr/local/texlive/2020/texmf-dist/tex/latex/graphics/trig.sty
Package: trig 2016/01/03 v1.10 sin cos tan (DPC)
)
(/usr/local/texlive/2020/texmf-dist/tex/latex/graphics-cfg/graphics.cfg
File: graphics.cfg 2016/06/04 v1.11 sample graphics configuration
)
Package graphics Info: Driver file: xetex.def on input line 105.
)
\Gin@req@height=\dimen174
\Gin@req@width=\dimen175
)
(/usr/local/texlive/2020/texmf-dist/tex/latex/pgf/systemlayer/pgfsys.sty
(/usr/local/texlive/2020/texmf-dist/tex/generic/pgf/systemlayer/pgfsys.code.tex
Package: pgfsys 2020/01/08 v3.1.5b (3.1.5b)
(/usr/local/texlive/2020/texmf-dist/tex/generic/pgf/utilities/pgfkeys.code.tex
\pgfkeys@pathtoks=\toks28
\pgfkeys@temptoks=\toks29

(/usr/local/texlive/2020/texmf-dist/tex/generic/pgf/utilities/pgfkeysfiltered.c
ode.tex
\pgfkeys@tmptoks=\toks30
))
\pgf@x=\dimen176
\pgf@y=\dimen177
\pgf@xa=\dimen178
\pgf@ya=\dimen179
\pgf@xb=\dimen180
\pgf@yb=\dimen181
\pgf@xc=\dimen182
\pgf@yc=\dimen183
\pgf@xd=\dimen184
\pgf@yd=\dimen185
\w@pgf@writea=\write4
\r@pgf@reada=\read3
\c@pgf@counta=\count272
\c@pgf@countb=\count273
\c@pgf@countc=\count274
\c@pgf@countd=\count275
\t@pgf@toka=\toks31
\t@pgf@tokb=\toks32
\t@pgf@tokc=\toks33
\pgf@sys@id@count=\count276

(/usr/local/texlive/2020/texmf-dist/tex/generic/pgf/systemlayer/pgf.cfg
File: pgf.cfg 2020/01/08 v3.1.5b (3.1.5b)
)
Driver file for pgf: pgfsys-xetex.def

(/usr/local/texlive/2020/texmf-dist/tex/generic/pgf/systemlayer/pgfsys-xetex.de
f
File: pgfsys-xetex.def 2020/01/08 v3.1.5b (3.1.5b)

(/usr/local/texlive/2020/texmf-dist/tex/generic/pgf/systemlayer/pgfsys-dvipdfmx
.def
File: pgfsys-dvipdfmx.def 2020/01/08 v3.1.5b (3.1.5b)

(/usr/local/texlive/2020/texmf-dist/tex/generic/pgf/systemlayer/pgfsys-common-p
df.def
File: pgfsys-common-pdf.def 2020/01/08 v3.1.5b (3.1.5b)
)
\pgfsys@objnum=\count277
)))
(/usr/local/texlive/2020/texmf-dist/tex/generic/pgf/systemlayer/pgfsyssoftpath.
code.tex
File: pgfsyssoftpath.code.tex 2020/01/08 v3.1.5b (3.1.5b)
\pgfsyssoftpath@smallbuffer@items=\count278
\pgfsyssoftpath@bigbuffer@items=\count279
)
(/usr/local/texlive/2020/texmf-dist/tex/generic/pgf/systemlayer/pgfsysprotocol.
code.tex
File: pgfsysprotocol.code.tex 2020/01/08 v3.1.5b (3.1.5b)
))
(/usr/local/texlive/2020/texmf-dist/tex/generic/pgf/basiclayer/pgfcore.code.tex
Package: pgfcore 2020/01/08 v3.1.5b (3.1.5b)
(/usr/local/texlive/2020/texmf-dist/tex/generic/pgf/math/pgfmath.code.tex
(/usr/local/texlive/2020/texmf-dist/tex/generic/pgf/math/pgfmathcalc.code.tex
(/usr/local/texlive/2020/texmf-dist/tex/generic/pgf/math/pgfmathutil.code.tex)
(/usr/local/texlive/2020/texmf-dist/tex/generic/pgf/math/pgfmathparser.code.tex
\pgfmath@dimen=\dimen186
\pgfmath@count=\count280
\pgfmath@box=\box53
\pgfmath@toks=\toks34
\pgfmath@stack@operand=\toks35
\pgfmath@stack@operation=\toks36
)
(/usr/local/texlive/2020/texmf-dist/tex/generic/pgf/math/pgfmathfunctions.code.
tex
(/usr/local/texlive/2020/texmf-dist/tex/generic/pgf/math/pgfmathfunctions.basic
.code.tex)
(/usr/local/texlive/2020/texmf-dist/tex/generic/pgf/math/pgfmathfunctions.trigo
nometric.code.tex)
(/usr/local/texlive/2020/texmf-dist/tex/generic/pgf/math/pgfmathfunctions.rando
m.code.tex)
(/usr/local/texlive/2020/texmf-dist/tex/generic/pgf/math/pgfmathfunctions.compa
rison.code.tex)
(/usr/local/texlive/2020/texmf-dist/tex/generic/pgf/math/pgfmathfunctions.base.
code.tex)
(/usr/local/texlive/2020/texmf-dist/tex/generic/pgf/math/pgfmathfunctions.round
.code.tex)
(/usr/local/texlive/2020/texmf-dist/tex/generic/pgf/math/pgfmathfunctions.misc.
code.tex)
(/usr/local/texlive/2020/texmf-dist/tex/generic/pgf/math/pgfmathfunctions.integ
erarithmetics.code.tex)))
(/usr/local/texlive/2020/texmf-dist/tex/generic/pgf/math/pgfmathfloat.code.tex
\c@pgfmathroundto@lastzeros=\count281
)) (/usr/local/texlive/2020/texmf-dist/tex/generic/pgf/math/pgfint.code.tex)
(/usr/local/texlive/2020/texmf-dist/tex/generic/pgf/basiclayer/pgfcorepoints.co
de.tex
File: pgfcorepoints.code.tex 2020/01/08 v3.1.5b (3.1.5b)
\pgf@picminx=\dimen187
\pgf@picmaxx=\dimen188
\pgf@picminy=\dimen189
\pgf@picmaxy=\dimen190
\pgf@pathminx=\dimen191
\pgf@pathmaxx=\dimen192
\pgf@pathminy=\dimen193
\pgf@pathmaxy=\dimen194
\pgf@xx=\dimen195
\pgf@xy=\dimen196
\pgf@yx=\dimen197
\pgf@yy=\dimen198
\pgf@zx=\dimen199
\pgf@zy=\dimen256
)
(/usr/local/texlive/2020/texmf-dist/tex/generic/pgf/basiclayer/pgfcorepathconst
ruct.code.tex
File: pgfcorepathconstruct.code.tex 2020/01/08 v3.1.5b (3.1.5b)
\pgf@path@lastx=\dimen257
\pgf@path@lasty=\dimen258
)
(/usr/local/texlive/2020/texmf-dist/tex/generic/pgf/basiclayer/pgfcorepathusage
.code.tex
File: pgfcorepathusage.code.tex 2020/01/08 v3.1.5b (3.1.5b)
\pgf@shorten@end@additional=\dimen259
\pgf@shorten@start@additional=\dimen260
)
(/usr/local/texlive/2020/texmf-dist/tex/generic/pgf/basiclayer/pgfcorescopes.co
de.tex
File: pgfcorescopes.code.tex 2020/01/08 v3.1.5b (3.1.5b)
\pgfpic=\box54
\pgf@hbox=\box55
\pgf@layerbox@main=\box56
\pgf@picture@serial@count=\count282
)
(/usr/local/texlive/2020/texmf-dist/tex/generic/pgf/basiclayer/pgfcoregraphicst
ate.code.tex
File: pgfcoregraphicstate.code.tex 2020/01/08 v3.1.5b (3.1.5b)
\pgflinewidth=\dimen261
)
(/usr/local/texlive/2020/texmf-dist/tex/generic/pgf/basiclayer/pgfcoretransform
ations.code.tex
File: pgfcoretransformations.code.tex 2020/01/08 v3.1.5b (3.1.5b)
\pgf@pt@x=\dimen262
\pgf@pt@y=\dimen263
\pgf@pt@temp=\dimen264
)
(/usr/local/texlive/2020/texmf-dist/tex/generic/pgf/basiclayer/pgfcorequick.cod
e.tex
File: pgfcorequick.code.tex 2020/01/08 v3.1.5b (3.1.5b)
)
(/usr/local/texlive/2020/texmf-dist/tex/generic/pgf/basiclayer/pgfcoreobjects.c
ode.tex
File: pgfcoreobjects.code.tex 2020/01/08 v3.1.5b (3.1.5b)
)
(/usr/local/texlive/2020/texmf-dist/tex/generic/pgf/basiclayer/pgfcorepathproce
ssing.code.tex
File: pgfcorepathprocessing.code.tex 2020/01/08 v3.1.5b (3.1.5b)
)
(/usr/local/texlive/2020/texmf-dist/tex/generic/pgf/basiclayer/pgfcorearrows.co
de.tex
File: pgfcorearrows.code.tex 2020/01/08 v3.1.5b (3.1.5b)
\pgfarrowsep=\dimen265
)
(/usr/local/texlive/2020/texmf-dist/tex/generic/pgf/basiclayer/pgfcoreshade.cod
e.tex
File: pgfcoreshade.code.tex 2020/01/08 v3.1.5b (3.1.5b)
\pgf@max=\dimen266
\pgf@sys@shading@range@num=\count283
\pgf@shadingcount=\count284
)
(/usr/local/texlive/2020/texmf-dist/tex/generic/pgf/basiclayer/pgfcoreimage.cod
e.tex
File: pgfcoreimage.code.tex 2020/01/08 v3.1.5b (3.1.5b)

(/usr/local/texlive/2020/texmf-dist/tex/generic/pgf/basiclayer/pgfcoreexternal.
code.tex
File: pgfcoreexternal.code.tex 2020/01/08 v3.1.5b (3.1.5b)
\pgfexternal@startupbox=\box57
))
(/usr/local/texlive/2020/texmf-dist/tex/generic/pgf/basiclayer/pgfcorelayers.co
de.tex
File: pgfcorelayers.code.tex 2020/01/08 v3.1.5b (3.1.5b)
)
(/usr/local/texlive/2020/texmf-dist/tex/generic/pgf/basiclayer/pgfcoretranspare
ncy.code.tex
File: pgfcoretransparency.code.tex 2020/01/08 v3.1.5b (3.1.5b)
)
(/usr/local/texlive/2020/texmf-dist/tex/generic/pgf/basiclayer/pgfcorepatterns.
code.tex
File: pgfcorepatterns.code.tex 2020/01/08 v3.1.5b (3.1.5b)
)
(/usr/local/texlive/2020/texmf-dist/tex/generic/pgf/basiclayer/pgfcorerdf.code.
tex
File: pgfcorerdf.code.tex 2020/01/08 v3.1.5b (3.1.5b)
)))
(/usr/local/texlive/2020/texmf-dist/tex/generic/pgf/modules/pgfmoduleshapes.cod
e.tex
File: pgfmoduleshapes.code.tex 2020/01/08 v3.1.5b (3.1.5b)
\pgfnodeparttextbox=\box58
)
(/usr/local/texlive/2020/texmf-dist/tex/generic/pgf/modules/pgfmoduleplot.code.
tex
File: pgfmoduleplot.code.tex 2020/01/08 v3.1.5b (3.1.5b)
)
(/usr/local/texlive/2020/texmf-dist/tex/latex/pgf/compatibility/pgfcomp-version
-0-65.sty
Package: pgfcomp-version-0-65 2020/01/08 v3.1.5b (3.1.5b)
\pgf@nodesepstart=\dimen267
\pgf@nodesepend=\dimen268
)
(/usr/local/texlive/2020/texmf-dist/tex/latex/pgf/compatibility/pgfcomp-version
-1-18.sty
Package: pgfcomp-version-1-18 2020/01/08 v3.1.5b (3.1.5b)
))
(/usr/local/texlive/2020/texmf-dist/tex/latex/pgf/utilities/pgffor.sty
(/usr/local/texlive/2020/texmf-dist/tex/latex/pgf/utilities/pgfkeys.sty
(/usr/local/texlive/2020/texmf-dist/tex/generic/pgf/utilities/pgfkeys.code.tex)
) (/usr/local/texlive/2020/texmf-dist/tex/latex/pgf/math/pgfmath.sty
(/usr/local/texlive/2020/texmf-dist/tex/generic/pgf/math/pgfmath.code.tex))
(/usr/local/texlive/2020/texmf-dist/tex/generic/pgf/utilities/pgffor.code.tex
Package: pgffor 2020/01/08 v3.1.5b (3.1.5b)

(/usr/local/texlive/2020/texmf-dist/tex/generic/pgf/math/pgfmath.code.tex)
\pgffor@iter=\dimen269
\pgffor@skip=\dimen270
\pgffor@stack=\toks37
\pgffor@toks=\toks38
))
(/usr/local/texlive/2020/texmf-dist/tex/generic/pgf/frontendlayer/tikz/tikz.cod
e.tex
Package: tikz 2020/01/08 v3.1.5b (3.1.5b)

(/usr/local/texlive/2020/texmf-dist/tex/generic/pgf/libraries/pgflibraryplothan
dlers.code.tex
File: pgflibraryplothandlers.code.tex 2020/01/08 v3.1.5b (3.1.5b)
\pgf@plot@mark@count=\count285
\pgfplotmarksize=\dimen271
)
\tikz@lastx=\dimen272
\tikz@lasty=\dimen273
\tikz@lastxsaved=\dimen274
\tikz@lastysaved=\dimen275
\tikz@lastmovetox=\dimen276
\tikz@lastmovetoy=\dimen277
\tikzleveldistance=\dimen278
\tikzsiblingdistance=\dimen279
\tikz@figbox=\box59
\tikz@figbox@bg=\box60
\tikz@tempbox=\box61
\tikz@tempbox@bg=\box62
\tikztreelevel=\count286
\tikznumberofchildren=\count287
\tikznumberofcurrentchild=\count288
\tikz@fig@count=\count289

(/usr/local/texlive/2020/texmf-dist/tex/generic/pgf/modules/pgfmodulematrix.cod
e.tex
File: pgfmodulematrix.code.tex 2020/01/08 v3.1.5b (3.1.5b)
\pgfmatrixcurrentrow=\count290
\pgfmatrixcurrentcolumn=\count291
\pgf@matrix@numberofcolumns=\count292
)
\tikz@expandcount=\count293

(/usr/local/texlive/2020/texmf-dist/tex/generic/pgf/frontendlayer/tikz/librarie
s/tikzlibrarytopaths.code.tex
File: tikzlibrarytopaths.code.tex 2020/01/08 v3.1.5b (3.1.5b)
)))
(/usr/local/texlive/2020/texmf-dist/tex/latex/everypage/everypage.sty
Package: everypage 2007/06/20 1.1 Hooks to run on every page
)
(/usr/local/texlive/2020/texmf-dist/tex/latex/tools/afterpage.sty
Package: afterpage 2014/10/28 v1.08 After-Page Package (DPC)
\AP@output=\toks39
\AP@partial=\box63
\AP@footins=\box64
))
(/usr/local/texlive/2020/texmf-dist/tex/latex/koma-script/scrextend.sty
Package: scrextend 2020/04/19 v3.30 KOMA-Script package (extend other classes w
ith features of KOMA-Script classes)

(/usr/local/texlive/2020/texmf-dist/tex/latex/koma-script/scrkbase.sty
Package: scrkbase 2020/04/19 v3.30 KOMA-Script package (KOMA-Script-dependent b
asics and keyval usage)

(/usr/local/texlive/2020/texmf-dist/tex/latex/koma-script/scrbase.sty
Package: scrbase 2020/04/19 v3.30 KOMA-Script package (KOMA-Script-independent 
basics and keyval usage)

(/usr/local/texlive/2020/texmf-dist/tex/latex/koma-script/scrlfile.sty
Package: scrlfile 2020/04/19 v3.30 KOMA-Script package (loading files)
))))
(/usr/local/texlive/2020/texmf-dist/tex/xelatex/xunicode/xunicode.sty
File: xunicode.sty 2011/09/09 v0.981 provides access to latin accents and many 
other characters in Unicode lower plane

(/usr/local/texlive/2020/texmf-dist/tex/latex/tipa/t3enc.def
File: t3enc.def 2001/12/31 T3 encoding
)
\tipaTiiicode=\count294
\tipasavetokens=\toks40
\tipachecktokens=\toks41
)
(/usr/local/texlive/2020/texmf-dist/tex/generic/ulem/ulem.sty
\UL@box=\box65
\UL@hyphenbox=\box66
\UL@skip=\skip55
\UL@hook=\toks42
\UL@height=\dimen280
\UL@pe=\count295
\UL@pixel=\dimen281
\ULC@box=\box67
Package: ulem 2019/11/18
\ULdepth=\dimen282
)
(/usr/local/texlive/2020/texmf-dist/tex/latex/cinzel/cinzel.sty
Package: cinzel 2019/10/15 (Bob Tennent) Supports Cinzel and CinzelDecorative f
or all LaTeX engines.

(/usr/local/texlive/2020/texmf-dist/tex/generic/iftex/ifxetex.sty
Package: ifxetex 2019/10/25 v0.7 ifxetex legacy package. Use iftex instead.
)
(/usr/local/texlive/2020/texmf-dist/tex/generic/iftex/ifluatex.sty
Package: ifluatex 2019/10/25 v1.5 ifluatex legacy package. Use iftex instead.
)
(/usr/local/texlive/2020/texmf-dist/tex/latex/base/textcomp.sty
Package: textcomp 2020/02/02 v2.0n Standard LaTeX package
)
Requested font "[Cinzel-Regular.ttf]/OT" at 10.94997pt
 -> /usr/local/texlive/2020/texmf-dist/fonts/truetype/ndiscovered/cinzel/Cinzel
-Regular.ttf
Requested font "[Cinzel-Regular.ttf]/OT" at 10.95003pt
 -> /usr/local/texlive/2020/texmf-dist/fonts/truetype/ndiscovered/cinzel/Cinzel
-Regular.ttf
Requested font "[Cinzel-Regular.ttf]/OT:script=latn;language=dflt;" at 10.95003
pt
 -> /usr/local/texlive/2020/texmf-dist/fonts/truetype/ndiscovered/cinzel/Cinzel
-Regular.ttf
Requested font "[Cinzel-Bold.ttf]/OT:script=latn;language=dflt;" at 10.95003pt
 -> /usr/local/texlive/2020/texmf-dist/fonts/truetype/ndiscovered/cinzel/Cinzel
-Bold.ttf
Requested font "[CinzelDecorative-Regular.ttf]/OT:script=latn;language=dflt;" a
t 10.95003pt
 -> /usr/local/texlive/2020/texmf-dist/fonts/truetype/ndiscovered/cinzel/Cinzel
Decorative-Regular.ttf
Requested font "[CinzelDecorative-Bold.ttf]/OT:script=latn;language=dflt;" at 1
0.95003pt
 -> /usr/local/texlive/2020/texmf-dist/fonts/truetype/ndiscovered/cinzel/Cinzel
Decorative-Bold.ttf

Package fontspec Info: Font family 'Cinzel(0)' created for font 'Cinzel' with
(fontspec)             options [Ligatures = TeX,Extension = .ttf,UprightFont =
(fontspec)             *-Regular,ItalicFont = *Decorative-Regular,BoldFont =
(fontspec)             *-Bold,BoldItalicFont = *Decorative-Bold].
(fontspec)              
(fontspec)              This font family consists of the following NFSS
(fontspec)             series/shapes:
(fontspec)              
(fontspec)             - 'normal' (m/n) with NFSS spec.:
(fontspec)             <->"[Cinzel-Regular.ttf]/OT:script=latn;language=dflt;ma
pping=tex-text;"
(fontspec)             - 'small caps'  (m/sc) with NFSS spec.: 
(fontspec)             - 'bold' (b/n) with NFSS spec.:
(fontspec)             <->"[Cinzel-Bold.ttf]/OT:script=latn;language=dflt;mappi
ng=tex-text;"
(fontspec)             - 'bold small caps'  (b/sc) with NFSS spec.: 
(fontspec)             - 'italic' (m/it) with NFSS spec.:
(fontspec)             <->"[CinzelDecorative-Regular.ttf]/OT:script=latn;langua
ge=dflt;mapping=tex-text;"
(fontspec)             - 'italic small caps'  (m/scit) with NFSS spec.: 
(fontspec)             - 'bold italic' (b/it) with NFSS spec.:
(fontspec)             <->"[CinzelDecorative-Bold.ttf]/OT:script=latn;language=
dflt;mapping=tex-text;"
(fontspec)             - 'bold italic small caps'  (b/scit) with NFSS spec.: 

Requested font "[Cinzel-Black.ttf]/OT" at 10.94997pt
 -> /usr/local/texlive/2020/texmf-dist/fonts/truetype/ndiscovered/cinzel/Cinzel
-Black.ttf
Requested font "[Cinzel-Black.ttf]/OT" at 10.95003pt
 -> /usr/local/texlive/2020/texmf-dist/fonts/truetype/ndiscovered/cinzel/Cinzel
-Black.ttf
Requested font "[Cinzel-Black.ttf]/OT:script=latn;language=dflt;" at 10.95003pt
 -> /usr/local/texlive/2020/texmf-dist/fonts/truetype/ndiscovered/cinzel/Cinzel
-Black.ttf
Requested font "[CinzelDecorative-Black.ttf]/OT:script=latn;language=dflt;" at 
10.95003pt
 -> /usr/local/texlive/2020/texmf-dist/fonts/truetype/ndiscovered/cinzel/Cinzel
Decorative-Black.ttf

Package fontspec Info: Font family 'Cinzel(1)' created for font 'Cinzel' with
(fontspec)             options [Ligatures = TeX,Extension = .ttf,UprightFont =
(fontspec)             *-Black,ItalicFont = *Decorative-Black].
(fontspec)              
(fontspec)              This font family consists of the following NFSS
(fontspec)             series/shapes:
(fontspec)              
(fontspec)             - 'normal' (m/n) with NFSS spec.:
(fontspec)             <->"[Cinzel-Black.ttf]/OT:script=latn;language=dflt;mapp
ing=tex-text;"
(fontspec)             - 'small caps'  (m/sc) with NFSS spec.: 
(fontspec)             - 'italic' (m/it) with NFSS spec.:
(fontspec)             <->"[CinzelDecorative-Black.ttf]/OT:script=latn;language
=dflt;mapping=tex-text;"
(fontspec)             - 'italic small caps'  (m/scit) with NFSS spec.: 

)
(/usr/local/texlive/2020/texmf-dist/tex/latex/fancyhdr/fancyhdr.sty
Package: fancyhdr 2019/01/31 v3.10 Extensive control of page headers and footer
s
\f@nch@headwidth=\skip56
\f@nch@O@elh=\skip57
\f@nch@O@erh=\skip58
\f@nch@O@olh=\skip59
\f@nch@O@orh=\skip60
\f@nch@O@elf=\skip61
\f@nch@O@erf=\skip62
\f@nch@O@olf=\skip63
\f@nch@O@orf=\skip64
)
(../share/PM_Font_TGT.tex
Requested font "[texgyretermes-regular.otf]/OT" at 10.94997pt
 -> /usr/local/texlive/2020/texmf-dist/fonts/opentype/public/tex-gyre/texgyrete
rmes-regular.otf
Requested font "[texgyretermes-regular.otf]/OT" at 10.95003pt
 -> /usr/local/texlive/2020/texmf-dist/fonts/opentype/public/tex-gyre/texgyrete
rmes-regular.otf
Requested font "[texgyretermes-regular.otf]/OT:script=latn;language=dflt;" at 1
0.95003pt
 -> /usr/local/texlive/2020/texmf-dist/fonts/opentype/public/tex-gyre/texgyrete
rmes-regular.otf
Requested font "[texgyretermes-bold.otf]/OT:script=latn;language=dflt;" at 10.9
5003pt
 -> /usr/local/texlive/2020/texmf-dist/fonts/opentype/public/tex-gyre/texgyrete
rmes-bold.otf
Requested font "[texgyretermes-italic.otf]/OT:script=latn;language=dflt;" at 10
.95003pt
 -> /usr/local/texlive/2020/texmf-dist/fonts/opentype/public/tex-gyre/texgyrete
rmes-italic.otf
Requested font "[texgyretermes-bolditalic.otf]/OT:script=latn;language=dflt;" a
t 10.95003pt
 -> /usr/local/texlive/2020/texmf-dist/fonts/opentype/public/tex-gyre/texgyrete
rmes-bolditalic.otf

Package fontspec Info: Font family 'texgyretermes(0)' created for font
(fontspec)             'texgyretermes' with options
(fontspec)             [Ligatures=TeX,Extension=.otf,UprightFont=
(fontspec)             *-regular,BoldFont=*-bold,ItalicFont=*-italic,BoldItalic
Font=*-bolditalic].
(fontspec)              
(fontspec)              This font family consists of the following NFSS
(fontspec)             series/shapes:
(fontspec)              
(fontspec)             - 'normal' (m/n) with NFSS spec.:
(fontspec)             <->"[texgyretermes-regular.otf]/OT:script=latn;language=
dflt;mapping=tex-text;"
(fontspec)             - 'small caps'  (m/sc) with NFSS spec.:
(fontspec)             <->"[texgyretermes-regular.otf]/OT:script=latn;language=
dflt;+smcp;mapping=tex-text;"
(fontspec)             - 'bold' (b/n) with NFSS spec.:
(fontspec)             <->"[texgyretermes-bold.otf]/OT:script=latn;language=dfl
t;mapping=tex-text;"
(fontspec)             - 'bold small caps'  (b/sc) with NFSS spec.:
(fontspec)             <->"[texgyretermes-bold.otf]/OT:script=latn;language=dfl
t;+smcp;mapping=tex-text;"
(fontspec)             - 'italic' (m/it) with NFSS spec.:
(fontspec)             <->"[texgyretermes-italic.otf]/OT:script=latn;language=d
flt;mapping=tex-text;"
(fontspec)             - 'italic small caps'  (m/scit) with NFSS spec.:
(fontspec)             <->"[texgyretermes-italic.otf]/OT:script=latn;language=d
flt;+smcp;mapping=tex-text;"
(fontspec)             - 'bold italic' (b/it) with NFSS spec.:
(fontspec)             <->"[texgyretermes-bolditalic.otf]/OT:script=latn;langua
ge=dflt;mapping=tex-text;"
(fontspec)             - 'bold italic small caps'  (b/scit) with NFSS spec.:
(fontspec)             <->"[texgyretermes-bolditalic.otf]/OT:script=latn;langua
ge=dflt;+smcp;mapping=tex-text;"

Requested font "[texgyretermes-regular.otf]/OT:script=latn;language=dflt;mappin
g=tex-text;" at 10.95pt
 -> /usr/local/texlive/2020/texmf-dist/fonts/opentype/public/tex-gyre/texgyrete
rmes-regular.otf
) (../share/PM_BWDefintions.tex)
(../share/PM_Tri_Gloss.tex) (../share/PM_UnicodeCharacterFix.tex
(/usr/local/texlive/2020/texmf-dist/tex/latex/newunicodechar/newunicodechar.sty
Package: newunicodechar 2018/04/08 v1.2 Defining Unicode characters
)) (../share/PM_Cover.tex
\drop=\skip65
) (./build//majjhima_nikaya_master.aux)
\openout1 = `build//majjhima_nikaya_master.aux'.

LaTeX Font Info:    Checking defaults for OML/cmm/m/it on input line 96.
LaTeX Font Info:    ... okay on input line 96.
LaTeX Font Info:    Checking defaults for OMS/cmsy/m/n on input line 96.
LaTeX Font Info:    ... okay on input line 96.
LaTeX Font Info:    Checking defaults for OT1/cmr/m/n on input line 96.
LaTeX Font Info:    ... okay on input line 96.
LaTeX Font Info:    Checking defaults for T1/cmr/m/n on input line 96.
LaTeX Font Info:    ... okay on input line 96.
LaTeX Font Info:    Checking defaults for TS1/cmr/m/n on input line 96.
LaTeX Font Info:    Trying to load font information for TS1+cmr on input line 9
6.

(/usr/local/texlive/2020/texmf-dist/tex/latex/base/ts1cmr.fd
File: ts1cmr.fd 2019/12/16 v2.5j Standard LaTeX font definitions
)
LaTeX Font Info:    ... okay on input line 96.
LaTeX Font Info:    Checking defaults for TU/lmr/m/n on input line 96.
LaTeX Font Info:    ... okay on input line 96.
LaTeX Font Info:    Checking defaults for OMX/cmex/m/n on input line 96.
LaTeX Font Info:    ... okay on input line 96.
LaTeX Font Info:    Checking defaults for U/cmr/m/n on input line 96.
LaTeX Font Info:    ... okay on input line 96.
LaTeX Font Info:    Checking defaults for T3/cmr/m/n on input line 96.
LaTeX Font Info:    Trying to load font information for T3+cmr on input line 96
.

(/usr/local/texlive/2020/texmf-dist/tex/latex/tipa/t3cmr.fd
File: t3cmr.fd 2001/12/31 TIPA font definitions
)
LaTeX Font Info:    ... okay on input line 96.

*geometry* driver: auto-detecting
*geometry* detected driver: xetex
*geometry* verbose mode - [ preamble ] result:
* driver: xetex
* paper: custom
* layout: <same size as paper>
* layoutoffset:(h,v)=(0.0pt,0.0pt)
* modes: twoside 
* h-part:(L,W,R)=(30.0pt, 336.0pt, 30.0pt)
* v-part:(T,H,B)=(20.0pt, 572.0pt, 20.0pt)
* \paperwidth=396.0pt
* \paperheight=612.0pt
* \textwidth=336.0pt
* \textheight=572.0pt
* \oddsidemargin=-42.26999pt
* \evensidemargin=-42.26999pt
* \topmargin=-78.26999pt
* \headheight=12.0pt
* \headsep=14.0pt
* \topskip=11.0pt
* \footskip=27.46295pt
* \marginparwidth=116.0pt
* \marginparsep=7.0pt
* \columnsep=10.0pt
* \skip\footins=10.0pt plus 4.0pt minus 2.0pt
* \hoffset=0.0pt
* \voffset=0.0pt
* \mag=1000
* \@twocolumnfalse
* \@twosidetrue
* \@mparswitchtrue
* \@reversemarginfalse
* (1in=72.27pt=25.4mm, 1cm=28.453pt)


Package fontspec Info: Adjusting the maths setup (use [no-math] to avoid
(fontspec)             this).

\symlegacymaths=\mathgroup4
LaTeX Font Info:    Overwriting symbol font `legacymaths' in version `bold'
(Font)                  OT1/cmr/m/n --> OT1/cmr/bx/n on input line 96.
LaTeX Font Info:    Redeclaring math accent \acute on input line 96.
LaTeX Font Info:    Redeclaring math accent \grave on input line 96.
LaTeX Font Info:    Redeclaring math accent \ddot on input line 96.
LaTeX Font Info:    Redeclaring math accent \tilde on input line 96.
LaTeX Font Info:    Redeclaring math accent \bar on input line 96.
LaTeX Font Info:    Redeclaring math accent \breve on input line 96.
LaTeX Font Info:    Redeclaring math accent \check on input line 96.
LaTeX Font Info:    Redeclaring math accent \hat on input line 96.
LaTeX Font Info:    Redeclaring math accent \dot on input line 96.
LaTeX Font Info:    Redeclaring math accent \mathring on input line 96.
LaTeX Font Info:    Redeclaring math symbol \colon on input line 96.
LaTeX Font Info:    Redeclaring math symbol \Gamma on input line 96.
LaTeX Font Info:    Redeclaring math symbol \Delta on input line 96.
LaTeX Font Info:    Redeclaring math symbol \Theta on input line 96.
LaTeX Font Info:    Redeclaring math symbol \Lambda on input line 96.
LaTeX Font Info:    Redeclaring math symbol \Xi on input line 96.
LaTeX Font Info:    Redeclaring math symbol \Pi on input line 96.
LaTeX Font Info:    Redeclaring math symbol \Sigma on input line 96.
LaTeX Font Info:    Redeclaring math symbol \Upsilon on input line 96.
LaTeX Font Info:    Redeclaring math symbol \Phi on input line 96.
LaTeX Font Info:    Redeclaring math symbol \Psi on input line 96.
LaTeX Font Info:    Redeclaring math symbol \Omega on input line 96.
LaTeX Font Info:    Redeclaring math symbol \mathdollar on input line 96.
LaTeX Font Info:    Redeclaring symbol font `operators' on input line 96.
LaTeX Font Info:    Encoding `OT1' has changed to `TU' for symbol font
(Font)              `operators' in the math version `normal' on input line 96.
LaTeX Font Info:    Overwriting symbol font `operators' in version `normal'
(Font)                  OT1/cmr/m/n --> TU/texgyretermes(0)/m/n on input line 9
6.
LaTeX Font Info:    Encoding `OT1' has changed to `TU' for symbol font
(Font)              `operators' in the math version `bold' on input line 96.
LaTeX Font Info:    Overwriting symbol font `operators' in version `bold'
(Font)                  OT1/cmr/bx/n --> TU/texgyretermes(0)/m/n on input line 
96.
LaTeX Font Info:    Overwriting symbol font `operators' in version `normal'
(Font)                  TU/texgyretermes(0)/m/n --> TU/texgyretermes(0)/m/n on 
input line 96.
LaTeX Font Info:    Overwriting math alphabet `\mathit' in version `normal'
(Font)                  OT1/cmr/m/it --> TU/texgyretermes(0)/m/it on input line
 96.
LaTeX Font Info:    Overwriting math alphabet `\mathbf' in version `normal'
(Font)                  OT1/cmr/bx/n --> TU/texgyretermes(0)/b/n on input line 
96.
LaTeX Font Info:    Overwriting math alphabet `\mathsf' in version `normal'
(Font)                  OT1/cmss/m/n --> TU/lmss/m/n on input line 96.
LaTeX Font Info:    Overwriting math alphabet `\mathtt' in version `normal'
(Font)                  OT1/cmtt/m/n --> TU/lmtt/m/n on input line 96.
LaTeX Font Info:    Overwriting symbol font `operators' in version `bold'
(Font)                  TU/texgyretermes(0)/m/n --> TU/texgyretermes(0)/b/n on 
input line 96.
LaTeX Font Info:    Overwriting math alphabet `\mathit' in version `bold'
(Font)                  OT1/cmr/bx/it --> TU/texgyretermes(0)/b/it on input lin
e 96.
LaTeX Font Info:    Overwriting math alphabet `\mathsf' in version `bold'
(Font)                  OT1/cmss/bx/n --> TU/lmss/b/n on input line 96.
LaTeX Font Info:    Overwriting math alphabet `\mathtt' in version `bold'
(Font)                  OT1/cmtt/m/n --> TU/lmtt/b/n on input line 96.
ABD: EveryShipout initializing macros
Requested font "[Cinzel-Regular.ttf]/OT:script=latn;language=dflt;mapping=tex-t
ext;" at 10.95pt
 -> /usr/local/texlive/2020/texmf-dist/fonts/truetype/ndiscovered/cinzel/Cinzel
-Regular.ttf
Requested font "[CinzelDecorative-Regular.ttf]/OT:script=latn;language=dflt;map
ping=tex-text;" at 10.95pt
 -> /usr/local/texlive/2020/texmf-dist/fonts/truetype/ndiscovered/cinzel/Cinzel
Decorative-Regular.ttf
Requested font "[CinzelDecorative-Regular.ttf]/OT:script=latn;language=dflt;map
ping=tex-text;" at 14.4pt
 -> /usr/local/texlive/2020/texmf-dist/fonts/truetype/ndiscovered/cinzel/Cinzel
Decorative-Regular.ttf
Missing character: There is no ̄ in font [CinzelDecorative-Regular.ttf]/OT:scri
pt=latn;language=dflt;mapping=tex-text;!
Missing character: There is no ̄ in font [CinzelDecorative-Regular.ttf]/OT:scri
pt=latn;language=dflt;mapping=tex-text;!
 [1

] (./tex_build/mn001.tex
Requested font "[texgyretermes-regular.otf]/OT:script=latn;language=dflt;mappin
g=tex-text;" at 10.0pt
 -> /usr/local/texlive/2020/texmf-dist/fonts/opentype/public/tex-gyre/texgyrete
rmes-regular.otf
Requested font "[texgyretermes-italic.otf]/OT:script=latn;language=dflt;mapping
=tex-text;" at 10.95pt
 -> /usr/local/texlive/2020/texmf-dist/fonts/opentype/public/tex-gyre/texgyrete
rmes-italic.otf
Requested font "[texgyretermes-italic.otf]/OT:script=latn;language=dflt;mapping
=tex-text;" at 8.0pt
 -> /usr/local/texlive/2020/texmf-dist/fonts/opentype/public/tex-gyre/texgyrete
rmes-italic.otf
 [2] [3]
[4] [5] [6] [7] [8] [9] [10] [11] [12] [13] [14] [15] [16] [17]) [18]
(./tex_build/mn002.tex [19] [20] [21] [22] [23] [24] [25]) [26]
(./tex_build/mn003.tex [27] [28] [29] [30] [31] [32]) [33]
(./tex_build/mn004.tex [34] [35] [36] [37] [38] [39] [40] [41] [42] [43])
[44] (./tex_build/mn005.tex [45] [46] [47] [48] [49] [50] [51] [52] [53]
[54] [55]) [56] (./tex_build/mn006.tex [57] [58] [59] [60]) [61]
(./tex_build/mn007.tex [62] [63] [64] [65] [66] [67] [68]) [69]
(./tex_build/mn008.tex [70] [71] [72] [73] [74] [75] [76] [77] [78] [79])
[80] (./tex_build/mn009.tex [81] [82] [83] [84] [85] [86] [87] [88] [89]
[90] [91] [92] [93] [94]) [95] (./tex_build/mn010.tex [96] [97] [98] [99]
[100] [101] [102] [103] [104] [105] [106] [107] [108] [109]) [110]
(./tex_build/mn011.tex [111] [112] [113] [114] [115] [116] [117]) [118]
(./tex_build/mn012.tex [119] [120] [121] [122] [123] [124] [125] [126] [127]
[128] [129] [130] [131] [132] [133] [134] [135] [136] [137] [138] [139]
[140] [141]) [142] (./tex_build/mn013.tex [143] [144] [145] [146] [147]
[148] [149] [150] [151]) [152] (./tex_build/mn014.tex [153] [154] [155]
[156] [157] [158] [159] [160]) [161] (./tex_build/mn015.tex [162] [163]
[164] [165] [166] [167] [168] [169] [170] [171] [172] [173]) [174]
(./tex_build/mn016.tex [175] [176] [177] [178] [179]) [180]
(./tex_build/mn017.tex [181] [182] [183] [184] [185]) [186]
(./tex_build/mn018.tex [187] [188] [189] [190] [191] [192] [193] [194])
[195] (./tex_build/mn019.tex [196] [197] [198] [199] [200] [201] [202])
[203] (./tex_build/mn020.tex [204] [205] [206] [207] [208]) [209]
(./tex_build/mn021.tex [210] [211] [212] [213] [214] [215] [216] [217] [218]
[219] [220] [221]) [222] (./tex_build/mn022.tex [223] [224] [225] [226]
[227] [228] [229] [230] [231] [232] [233] [234] [235] [236] [237] [238]
[239] [240] [241]) [242] (./tex_build/mn023.tex [243] [244] [245] [246])
[247] (./tex_build/mn024.tex [248] [249] [250] [251] [252] [253] [254] [255])
[256] (./tex_build/mn025.tex [257] [258] [259] [260] [261] [262] [263] [264]
[265] [266] [267]) [268] (./tex_build/mn026.tex [269] [270] [271] [272]
[273] [274] [275] [276] [277] [278] [279] [280] [281] [282] [283] [284]
[285] [286] [287] [288] [289]) [290] (./tex_build/mn027.tex [291] [292]
[293] [294] [295] [296] [297] [298] [299] [300] [301] [302]) [303]
(./tex_build/mn028.tex [304] [305] [306] [307] [308] [309] [310] [311] [312]
[313]) [314] (./tex_build/mn029.tex [315] [316] [317] [318] [319] [320]
[321] [322] [323]) [324] (./tex_build/mn030.tex [325] [326] [327] [328]
[329] [330] [331] [332] [333]) [334] (./tex_build/mn031.tex [335]
Missing character: There is no ʼ in font [texgyretermes-italic.otf]/OT:script=l
atn;language=dflt;mapping=tex-text;!
Missing character: There is no ʼ in font [texgyretermes-italic.otf]/OT:script=l
atn;language=dflt;mapping=tex-text;!
 [336]
[337] [338] [339] [340] [341] [342]) [343] (./tex_build/mn032.tex [344]
[345] [346] [347] [348] [349] [350] [351] [352]) [353] (./tex_build/mn033.tex
[354] [355] [356] [357] [358] [359] [360]) [361] (./tex_build/mn034.tex
[362] [363] [364]) [365] (./tex_build/mn035.tex [366] [367] [368] [369]
[370] [371] [372] [373] [374] [375] [376] [377] [378]
Missing character: There is no ʼ in font [texgyretermes-italic.otf]/OT:script=l
atn;language=dflt;mapping=tex-text;!
) [379]
(./tex_build/mn036.tex [380] [381] [382] [383] [384] [385] [386] [387] [388]
[389] [390] [391] [392] [393] [394] [395] [396] [397] [398] [399] [400]
[401]) [402] (./tex_build/mn037.tex [403] [404] [405] [406] [407] [408])
[409] (./tex_build/mn038.tex [410] [411] [412] [413] [414] [415] [416] [417]
[418] [419] [420] [421] [422] [423] [424] [425] [426] [427] [428] [429]
[430] [431] [432]) [433] (./tex_build/mn039.tex [434] [435] [436] [437]
[438] [439] [440] [441] [442] [443] [444] [445]) [446] (./tex_build/mn040.tex
[447] [448] [449] [450]) [451] (./tex_build/mn041.tex [452] [453] [454]
[455] [456] [457] [458]) [459] (./tex_build/mn042.tex [460] [461] [462]
[463] [464]) [465] (./tex_build/mn043.tex [466] [467] [468] [469] [470]
[471] [472] [473] [474]) [475] (./tex_build/mn044.tex [476] [477] [478]
[479] [480] [481] [482]) [483] [484] (./tex_build/mn045.tex [485] [486]
[487] [488] [489]) [490] (./tex_build/mn046.tex [491] [492] [493] [494]
[495] [496] [497] [498] [499] [500]) [501] (./tex_build/mn047.tex [502]
[503] [504] [505]) [506] (./tex_build/mn048.tex [507] [508] [509] [510]
[511] [512]) [513] (./tex_build/mn049.tex [514] [515] [516] [517] [518]
[519] [520] [521] [522]) [523] (./tex_build/mn050.tex [524] [525] [526]
[527] [528] [529] [530] [531] [532] [533] [534] [535]) [536]
(./tex_build/mn051.tex [537] [538] [539] [540] [541] [542] [543] [544] [545]
[546] [547] [548] [549]) [550] (./tex_build/mn052.tex [551] [552] [553]
[554]) [555] (./tex_build/mn053.tex [556] [557] [558] [559] [560] [561])
[562] (./tex_build/mn054.tex [563] [564] [565] [566] [567] [568] [569] [570]
[571] [572] [573]) [574] (./tex_build/mn055.tex [575] [576] [577] [578])
[579] (./tex_build/mn056.tex [580] [581] [582] [583] [584] [585] [586] [587]
[588] [589] [590] [591] [592] [593] [594] [595] [596] [597] [598] [599]
[600]) [601] (./tex_build/mn057.tex [602] [603] [604] [605] [606] [607])
[608] (./tex_build/mn058.tex [609] [610] [611] [612] [613]) [614]
(./tex_build/mn059.tex [615] [616] [617] [618] [619]) [620]
(./tex_build/mn060.tex [621] [622] [623] [624] [625] [626] [627] [628] [629]
[630] [631] [632] [633] [634] [635] [636] [637] [638]) [639]
(./tex_build/mn061.tex [640] [641] [642] [643] [644] [645] [646] [647])
[648] (./tex_build/mn062.tex [649] [650] [651] [652] [653] [654] [655])
[656] (./tex_build/mn063.tex [657] [658] [659] [660] [661] [662] [663] [664])
[665] (./tex_build/mn064.tex [666] [667] [668] [669] [670] [671]) [672]
(./tex_build/mn065.tex [673] [674] [675] [676] [677] [678] [679] [680] [681]
[682]
Missing character: There is no ʼ in font [texgyretermes-italic.otf]/OT:script=l
atn;language=dflt;mapping=tex-text;!
 [683]
Missing character: There is no ʼ in font [texgyretermes-italic.otf]/OT:script=l
atn;language=dflt;mapping=tex-text;!
 [684] [685]) [686] (./tex_build/mn066.tex [687] [688] [689]
[690] [691] [692] [693] [694] [695] [696] [697] [698]) [699]
(./tex_build/mn067.tex [700] [701] [702] [703] [704] [705] [706]) [707]
(./tex_build/mn068.tex [708] [709] [710] [711] [712] [713] [714] [715] [716]
[717]) [718] (./tex_build/mn069.tex [719] [720] [721] [722] [723] [724])
[725] (./tex_build/mn070.tex [726] [727] [728] [729] [730] [731] [732] [733]
[734] [735] [736] [737]) [738] (./tex_build/mn071.tex [739] [740] [741])
[742] (./tex_build/mn072.tex [743] [744] [745] [746] [747] [748] [749] [750])
[751] (./tex_build/mn073.tex [752] [753] [754] [755] [756] [757] [758] [759])
[760] (./tex_build/mn074.tex [761] [762] [763] [764] [765]) [766]
(./tex_build/mn075.tex [767] [768] [769] [770] [771] [772] [773] [774] [775]
[776] [777] [778] [779] [780] [781]) [782] (./tex_build/mn076.tex [783]
[784] [785] [786] [787] [788] [789] [790] [791] [792] [793] [794] [795]
[796] [797] [798]) [799] (./tex_build/mn077.tex [800] [801] [802] [803]
[804] [805] [806] [807] [808] [809] [810] [811] [812] [813] [814] [815]
[816] [817] [818] [819] [820] [821] [822] [823] [824]) [825]
(./tex_build/mn078.tex [826] [827] [828] [829] [830] [831] [832] [833] [834])
[835] (./tex_build/mn079.tex [836] [837] [838] [839] [840] [841] [842] [843]
[844] [845] [846] [847]) [848] (./tex_build/mn080.tex [849] [850] [851]
[852] [853]) [854] (./tex_build/mn081.tex [855] [856] [857] [858] [859]
[860] [861] [862] [863] [864] [865]) [866] (./tex_build/mn082.tex [867]
[868]
Missing character: There is no ʼ in font [texgyretermes-italic.otf]/OT:script=l
atn;language=dflt;mapping=tex-text;!
 [869]
Missing character: There is no ʼ in font [texgyretermes-italic.otf]/OT:script=l
atn;language=dflt;mapping=tex-text;!
Missing character: There is no ʼ in font [texgyretermes-italic.otf]/OT:script=l
atn;language=dflt;mapping=tex-text;!
 [870]
Missing character: There is no ʼ in font [texgyretermes-italic.otf]/OT:script=l
atn;language=dflt;mapping=tex-text;!
 [871]
Missing character: There is no ʼ in font [texgyretermes-italic.otf]/OT:script=l
atn;language=dflt;mapping=tex-text;!
Missing character: There is no ʼ in font [texgyretermes-italic.otf]/OT:script=l
atn;language=dflt;mapping=tex-text;!
 [872]
Missing character: There is no ʼ in font [texgyretermes-italic.otf]/OT:script=l
atn;language=dflt;mapping=tex-text;!
 [873] [874]
Missing character: There is no ʼ in font [texgyretermes-italic.otf]/OT:script=l
atn;language=dflt;mapping=tex-text;!
 [875] [876] [877] [878] [879]
[880] [881] [882] [883] [884] [885] [886] [887] [888]) [889]
(./tex_build/mn083.tex [890] [891] [892] [893] [894] [895] [896] [897] [898]
[899]) [900] (./tex_build/mn084.tex [901] [902] [903] [904] [905] [906]
[907] [908] [909]) [910] (./tex_build/mn085.tex [911] [912] [913] [914]
[915] [916] [917] [918] [919] [920] [921] [922] [923] [924] [925] [926]
[927] [928] [929] [930] [931] [932] [933] [934] [935] [936] [937] [938]
[939] [940] [941]) [942] (./tex_build/mn086.tex [943] [944] [945] [946]
[947] [948] [949] [950] [951] [952]) [953] (./tex_build/mn087.tex [954]
[955] [956] [957] [958] [959] [960]) [961] (./tex_build/mn088.tex [962]
[963] [964] [965] [966] [967]) [968] (./tex_build/mn089.tex [969] [970]
[971] [972] [973] [974] [975] [976]) [977] (./tex_build/mn090.tex [978]
[979] [980] [981] [982] [983] [984] [985] [986]) [987] (./tex_build/mn091.tex
[988]
! You can't use `macro parameter character #' in internal vertical mode.
<argument> ##
              NOTE: Following BB in accepting PTS reading tayā. Curiously en...
l.183 ...her MS nor PTS acknowledges the variant.}
                                                  }\\ 
Here is how much of TeX's memory you used:
 21926 strings out of 481366
 465849 string characters out of 5927504
 730131 words of memory out of 5000000
 38698 multiletter control sequences out of 15000+600000
 532668 words of font info for 53 fonts, out of 8000000 for 9000
 36 hyphenation exceptions out of 8191
 68i,11n,85p,1629b,702s stack positions out of 5000i,500n,10000p,200000b,80000s

Output written on build//majjhima_nikaya_master.pdf (988 pages).
