This is XeTeX, Version 3.14159265-2.6-0.99999 (TeX Live 2018) (preloaded format=xelatex 2018.5.10)  30 MAY 2018 16:55
entering extended mode
 restricted \write18 enabled.
 %&-line parsing enabled.
**dhatuvibhanga_alternating.tex
(./dhatuvibhanga_alternating.tex
LaTeX2e <2018-04-01> patch level 4
Babel <3.20> and hyphenation patterns for 3 language(s) loaded.
! Undefined control sequence.
l.3 {\PaliColumn
                {Majjhima Nikāya, uparipaṇṇāsapāḷi, 4. vibhaṅgavaggo, 10. dh...

? ^^[[A^^[[A
Type <return> to proceed, S to scroll future error messages,
R to run without stopping, Q to run quietly,
I to insert something, E to edit your file,
1 or ... or 9 to ignore the next 1 to 9 tokens of input,
H for help, X to quit.
? xx
 
Here is how much of TeX's memory you used:
 4 strings out of 494951
 114 string characters out of 6177607
 55388 words of memory out of 5000000
 3982 multiletter control sequences out of 15000+600000
 3640 words of font info for 14 fonts, out of 8000000 for 9000
 14 hyphenation exceptions out of 8191
 5i,0n,3p,141b,28s stack positions out of 5000i,500n,10000p,200000b,80000s
No pages of output.
